
7월 29, 2023 10:00:30.180 NEW SESSION
7월 29, 2023 10:00:30.180 [732:5196:0729/100030.179:ERROR:feature_processor_state.cc(39)] Processing error occured: model WebAppInstallationPromo failed with UkmEngineDisabled, message: 
7월 29, 2023 10:01:15.465 [11784:10244:0729/100115.464:ERROR:feature_processor_state.cc(39)] Processing error occured: model WebAppInstallationPromo failed with UkmEngineDisabled, message: 
7월 29, 2023 10:04:01.556 [11784:6476:0729/100401.556:ERROR:connection_factory_impl.cc(471)] ConnectionHandler failed with net error: -2
7월 29, 2023 10:36:51.573 [1980:3684:0729/103651.573:ERROR:feature_processor_state.cc(39)] Processing error occured: model WebAppInstallationPromo failed with UkmEngineDisabled, message: 
7월 29, 2023 11:00:52.949 [10760:1524:0729/110052.949:ERROR:feature_processor_state.cc(39)] Processing error occured: model WebAppInstallationPromo failed with UkmEngineDisabled, message: 
7월 29, 2023 11:01:46.909 [10760:2236:0729/110146.909:ERROR:connection_factory_impl.cc(471)] ConnectionHandler failed with net error: -2
7월 29, 2023 11:02:32.265 [10760:2236:0729/110232.265:ERROR:connection_factory_impl.cc(471)] ConnectionHandler failed with net error: -2
7월 29, 2023 11:03:21.134 [10760:2236:0729/110321.134:ERROR:connection_factory_impl.cc(471)] ConnectionHandler failed with net error: -2
7월 29, 2023 11:04:25.993 [10760:2236:0729/110425.993:ERROR:connection_factory_impl.cc(471)] ConnectionHandler failed with net error: -2
7월 29, 2023 11:05:11.216 [10760:2236:0729/110511.216:ERROR:connection_factory_impl.cc(471)] ConnectionHandler failed with net error: -2
7월 29, 2023 11:05:56.582 [10760:2236:0729/110556.582:ERROR:connection_factory_impl.cc(471)] ConnectionHandler failed with net error: -2
7월 29, 2023 11:06:41.801 [10760:2236:0729/110641.801:ERROR:connection_factory_impl.cc(471)] ConnectionHandler failed with net error: -2
7월 29, 2023 11:07:33.705 [10760:2236:0729/110733.705:ERROR:connection_factory_impl.cc(471)] ConnectionHandler failed with net error: -2
7월 29, 2023 11:08:18.930 [10760:2236:0729/110818.929:ERROR:connection_factory_impl.cc(471)] ConnectionHandler failed with net error: -2
7월 29, 2023 11:09:04.154 [10760:2236:0729/110904.153:ERROR:connection_factory_impl.cc(471)] ConnectionHandler failed with net error: -2
7월 29, 2023 11:09:49.381 [10760:2236:0729/110949.381:ERROR:connection_factory_impl.cc(471)] ConnectionHandler failed with net error: -2
7월 29, 2023 11:10:34.678 [10760:2236:0729/111034.678:ERROR:connection_factory_impl.cc(471)] ConnectionHandler failed with net error: -2
7월 29, 2023 11:11:19.989 [10760:2236:0729/111119.989:ERROR:connection_factory_impl.cc(471)] ConnectionHandler failed with net error: -2
7월 29, 2023 11:12:05.213 [10760:2236:0729/111205.212:ERROR:connection_factory_impl.cc(471)] ConnectionHandler failed with net error: -2
7월 29, 2023 11:12:50.435 [10760:2236:0729/111250.434:ERROR:connection_factory_impl.cc(471)] ConnectionHandler failed with net error: -2
7월 29, 2023 11:13:35.756 [10760:2236:0729/111335.756:ERROR:connection_factory_impl.cc(471)] ConnectionHandler failed with net error: -2
7월 29, 2023 11:14:20.985 [10760:2236:0729/111420.984:ERROR:connection_factory_impl.cc(471)] ConnectionHandler failed with net error: -2
7월 29, 2023 11:15:06.209 [10760:2236:0729/111506.209:ERROR:connection_factory_impl.cc(471)] ConnectionHandler failed with net error: -2
7월 29, 2023 11:15:51.435 [10760:2236:0729/111551.435:ERROR:connection_factory_impl.cc(471)] ConnectionHandler failed with net error: -2
7월 29, 2023 11:23:03.618 [10760:2236:0729/112303.618:ERROR:connection_factory_impl.cc(471)] ConnectionHandler failed with net error: -2
7월 29, 2023 11:23:48.850 [10760:2236:0729/112348.850:ERROR:connection_factory_impl.cc(471)] ConnectionHandler failed with net error: -2
7월 29, 2023 11:24:34.69 [10760:2236:0729/112434.069:ERROR:connection_factory_impl.cc(471)] ConnectionHandler failed with net error: -2
7월 29, 2023 11:25:19.297 [10760:2236:0729/112519.297:ERROR:connection_factory_impl.cc(471)] ConnectionHandler failed with net error: -2
7월 29, 2023 11:26:10.918 [10760:2236:0729/112610.918:ERROR:connection_factory_impl.cc(471)] ConnectionHandler failed with net error: -2
7월 29, 2023 11:27:20.112 [11504:3132:0729/112720.112:ERROR:feature_processor_state.cc(39)] Processing error occured: model WebAppInstallationPromo failed with UkmEngineDisabled, message: 
7월 29, 2023 11:28:42.870 [9192:11384:0729/112842.870:ERROR:feature_processor_state.cc(39)] Processing error occured: model WebAppInstallationPromo failed with UkmEngineDisabled, message: 
7월 29, 2023 11:29:47.956 [9496:11468:0729/112947.956:ERROR:feature_processor_state.cc(39)] Processing error occured: model WebAppInstallationPromo failed with UkmEngineDisabled, message: 
7월 29, 2023 11:32:38.976 [8772:7416:0729/113238.976:ERROR:feature_processor_state.cc(39)] Processing error occured: model WebAppInstallationPromo failed with UkmEngineDisabled, message: 
7월 29, 2023 11:33:24.172 [8772:12144:0729/113324.171:ERROR:connection_factory_impl.cc(471)] ConnectionHandler failed with net error: -2
7월 29, 2023 11:34:09.402 [8772:12144:0729/113409.402:ERROR:connection_factory_impl.cc(471)] ConnectionHandler failed with net error: -2
7월 29, 2023 11:34:54.621 [8772:12144:0729/113454.621:ERROR:connection_factory_impl.cc(471)] ConnectionHandler failed with net error: -2
7월 29, 2023 11:35:39.944 [8772:12144:0729/113539.944:ERROR:connection_factory_impl.cc(471)] ConnectionHandler failed with net error: -2
7월 29, 2023 11:36:25.281 [8772:12144:0729/113625.281:ERROR:connection_factory_impl.cc(471)] ConnectionHandler failed with net error: -2
7월 29, 2023 11:37:10.504 [8772:12144:0729/113710.504:ERROR:connection_factory_impl.cc(471)] ConnectionHandler failed with net error: -2
7월 29, 2023 11:37:55.822 [8772:12144:0729/113755.822:ERROR:connection_factory_impl.cc(471)] ConnectionHandler failed with net error: -2
7월 29, 2023 11:38:53.755 [8772:12144:0729/113853.755:ERROR:connection_factory_impl.cc(471)] ConnectionHandler failed with net error: -2
7월 29, 2023 11:39:38.981 [8772:12144:0729/113938.981:ERROR:connection_factory_impl.cc(471)] ConnectionHandler failed with net error: -2
7월 29, 2023 11:40:24.304 [8772:12144:0729/114024.304:ERROR:connection_factory_impl.cc(471)] ConnectionHandler failed with net error: -2
7월 29, 2023 11:41:09.535 [8772:12144:0729/114109.535:ERROR:connection_factory_impl.cc(471)] ConnectionHandler failed with net error: -2
7월 29, 2023 11:41:54.752 [8772:12144:0729/114154.752:ERROR:connection_factory_impl.cc(471)] ConnectionHandler failed with net error: -2
7월 29, 2023 11:42:45.574 [8772:12144:0729/114245.574:ERROR:connection_factory_impl.cc(471)] ConnectionHandler failed with net error: -2
7월 29, 2023 11:43:30.802 [8772:12144:0729/114330.802:ERROR:connection_factory_impl.cc(471)] ConnectionHandler failed with net error: -2
7월 29, 2023 11:44:16.22 [8772:12144:0729/114416.022:ERROR:connection_factory_impl.cc(471)] ConnectionHandler failed with net error: -2
7월 29, 2023 11:45:01.395 [8772:12144:0729/114501.395:ERROR:connection_factory_impl.cc(471)] ConnectionHandler failed with net error: -2
7월 29, 2023 11:45:45.234 [6668:4752:0729/114545.233:ERROR:feature_processor_state.cc(39)] Processing error occured: model WebAppInstallationPromo failed with UkmEngineDisabled, message: 
7월 29, 2023 11:46:51.45 [2468:8144:0729/114651.045:ERROR:feature_processor_state.cc(39)] Processing error occured: model WebAppInstallationPromo failed with UkmEngineDisabled, message: 
7월 29, 2023 11:47:36.249 [2468:11880:0729/114736.249:ERROR:connection_factory_impl.cc(471)] ConnectionHandler failed with net error: -2
7월 29, 2023 11:47:53.463 [10968:3172:0729/114753.463:ERROR:feature_processor_state.cc(39)] Processing error occured: model WebAppInstallationPromo failed with UkmEngineDisabled, message: 
7월 29, 2023 11:49:28.423 [6472:8352:0729/114928.423:ERROR:feature_processor_state.cc(39)] Processing error occured: model WebAppInstallationPromo failed with UkmEngineDisabled, message: 
7월 29, 2023 11:50:13.630 [6472:6296:0729/115013.630:ERROR:connection_factory_impl.cc(471)] ConnectionHandler failed with net error: -2
7월 29, 2023 11:50:58.861 [6472:6296:0729/115058.861:ERROR:connection_factory_impl.cc(471)] ConnectionHandler failed with net error: -2
7월 29, 2023 11:51:44.86 [6472:6296:0729/115144.086:ERROR:connection_factory_impl.cc(471)] ConnectionHandler failed with net error: -2
7월 29, 2023 11:52:29.318 [6472:6296:0729/115229.318:ERROR:connection_factory_impl.cc(471)] ConnectionHandler failed with net error: -2
7월 29, 2023 11:53:15.234 [6472:6296:0729/115315.234:ERROR:connection_factory_impl.cc(471)] ConnectionHandler failed with net error: -2
7월 29, 2023 11:54:00.590 [6472:6296:0729/115400.590:ERROR:connection_factory_impl.cc(471)] ConnectionHandler failed with net error: -2
7월 29, 2023 11:54:45.964 [6472:6296:0729/115445.964:ERROR:connection_factory_impl.cc(471)] ConnectionHandler failed with net error: -2
7월 29, 2023 11:55:31.189 [6472:6296:0729/115531.189:ERROR:connection_factory_impl.cc(471)] ConnectionHandler failed with net error: -2
7월 29, 2023 11:56:16.463 [6472:6296:0729/115616.463:ERROR:connection_factory_impl.cc(471)] ConnectionHandler failed with net error: -2
7월 29, 2023 11:57:01.698 [6472:6296:0729/115701.698:ERROR:connection_factory_impl.cc(471)] ConnectionHandler failed with net error: -2
7월 29, 2023 11:57:46.927 [6472:6296:0729/115746.927:ERROR:connection_factory_impl.cc(471)] ConnectionHandler failed with net error: -2
7월 29, 2023 11:58:32.143 [6472:6296:0729/115832.143:ERROR:connection_factory_impl.cc(471)] ConnectionHandler failed with net error: -2
7월 29, 2023 11:59:17.362 [6472:6296:0729/115917.362:ERROR:connection_factory_impl.cc(471)] ConnectionHandler failed with net error: -2
7월 29, 2023 12:00:02.590 [6472:6296:0729/120002.590:ERROR:connection_factory_impl.cc(471)] ConnectionHandler failed with net error: -2
7월 29, 2023 12:00:47.919 [6472:6296:0729/120047.919:ERROR:connection_factory_impl.cc(471)] ConnectionHandler failed with net error: -2
7월 29, 2023 12:01:33.141 [6472:6296:0729/120133.141:ERROR:connection_factory_impl.cc(471)] ConnectionHandler failed with net error: -2
7월 29, 2023 12:02:28.836 [6472:6296:0729/120228.836:ERROR:connection_factory_impl.cc(471)] ConnectionHandler failed with net error: -2
7월 29, 2023 12:03:14.60 [6472:6296:0729/120314.060:ERROR:connection_factory_impl.cc(471)] ConnectionHandler failed with net error: -2
7월 29, 2023 12:03:59.277 [6472:6296:0729/120359.277:ERROR:connection_factory_impl.cc(471)] ConnectionHandler failed with net error: -2
7월 29, 2023 12:04:44.598 [6472:6296:0729/120444.598:ERROR:connection_factory_impl.cc(471)] ConnectionHandler failed with net error: -2
7월 29, 2023 12:05:29.818 [6472:6296:0729/120529.818:ERROR:connection_factory_impl.cc(471)] ConnectionHandler failed with net error: -2
7월 29, 2023 12:06:15.80 [6472:6296:0729/120615.080:ERROR:connection_factory_impl.cc(471)] ConnectionHandler failed with net error: -2
7월 29, 2023 12:07:00.305 [6472:6296:0729/120700.305:ERROR:connection_factory_impl.cc(471)] ConnectionHandler failed with net error: -2
7월 29, 2023 12:07:45.527 [6472:6296:0729/120745.527:ERROR:connection_factory_impl.cc(471)] ConnectionHandler failed with net error: -2
7월 29, 2023 12:08:30.744 [6472:6296:0729/120830.744:ERROR:connection_factory_impl.cc(471)] ConnectionHandler failed with net error: -2
7월 29, 2023 12:09:15.971 [6472:6296:0729/120915.971:ERROR:connection_factory_impl.cc(471)] ConnectionHandler failed with net error: -2
7월 29, 2023 12:10:33.949 [6472:6296:0729/121033.949:ERROR:connection_factory_impl.cc(471)] ConnectionHandler failed with net error: -2
7월 29, 2023 12:11:19.179 [6472:6296:0729/121119.179:ERROR:connection_factory_impl.cc(471)] ConnectionHandler failed with net error: -2
7월 29, 2023 12:12:04.501 [6472:6296:0729/121204.501:ERROR:connection_factory_impl.cc(471)] ConnectionHandler failed with net error: -2
7월 29, 2023 12:12:49.723 [6472:6296:0729/121249.723:ERROR:connection_factory_impl.cc(471)] ConnectionHandler failed with net error: -2
7월 29, 2023 12:13:34.942 [6472:6296:0729/121334.942:ERROR:connection_factory_impl.cc(471)] ConnectionHandler failed with net error: -2
7월 29, 2023 12:14:20.173 [6472:6296:0729/121420.173:ERROR:connection_factory_impl.cc(471)] ConnectionHandler failed with net error: -2
7월 29, 2023 12:15:05.396 [6472:6296:0729/121505.396:ERROR:connection_factory_impl.cc(471)] ConnectionHandler failed with net error: -2
7월 29, 2023 12:15:50.628 [6472:6296:0729/121550.628:ERROR:connection_factory_impl.cc(471)] ConnectionHandler failed with net error: -2
7월 29, 2023 12:16:35.953 [6472:6296:0729/121635.953:ERROR:connection_factory_impl.cc(471)] ConnectionHandler failed with net error: -2
7월 29, 2023 12:30:58.288 [11972:7672:0729/123058.288:ERROR:feature_processor_state.cc(39)] Processing error occured: model WebAppInstallationPromo failed with UkmEngineDisabled, message: 
7월 29, 2023 12:31:43.451 [1796:8256:0729/123143.451:ERROR:feature_processor_state.cc(39)] Processing error occured: model WebAppInstallationPromo failed with UkmEngineDisabled, message: 
7월 29, 2023 12:31:57.489 [8276:10316:0729/123157.489:ERROR:feature_processor_state.cc(39)] Processing error occured: model WebAppInstallationPromo failed with UkmEngineDisabled, message: 
7월 29, 2023 12:32:13.346 [11804:3872:0729/123213.346:ERROR:feature_processor_state.cc(39)] Processing error occured: model WebAppInstallationPromo failed with UkmEngineDisabled, message: 
7월 29, 2023 12:32:28.998 [11800:2736:0729/123228.998:ERROR:feature_processor_state.cc(39)] Processing error occured: model WebAppInstallationPromo failed with UkmEngineDisabled, message: 
7월 29, 2023 12:39:03.71 [7912:9156:0729/123903.071:ERROR:feature_processor_state.cc(39)] Processing error occured: model WebAppInstallationPromo failed with UkmEngineDisabled, message: 

8월 05, 2023 10:24:01.88 NEW SESSION
8월 05, 2023 10:24:01.88 [10692:2072:0805/102401.087:ERROR:feature_processor_state.cc(39)] Processing error occured: model WebAppInstallationPromo failed with UkmEngineDisabled, message: 
8월 05, 2023 10:24:46.369 [10692:5088:0805/102446.369:ERROR:connection_factory_impl.cc(471)] ConnectionHandler failed with net error: -2
8월 05, 2023 10:25:31.615 [10692:5088:0805/102531.615:ERROR:connection_factory_impl.cc(471)] ConnectionHandler failed with net error: -2
8월 05, 2023 10:26:16.974 [10692:5088:0805/102616.974:ERROR:connection_factory_impl.cc(471)] ConnectionHandler failed with net error: -2
8월 05, 2023 10:27:02.290 [10692:5088:0805/102702.290:ERROR:connection_factory_impl.cc(471)] ConnectionHandler failed with net error: -2
8월 05, 2023 10:28:01.556 [10692:5088:0805/102801.556:ERROR:connection_factory_impl.cc(471)] ConnectionHandler failed with net error: -2
8월 05, 2023 10:28:46.883 [10692:5088:0805/102846.883:ERROR:connection_factory_impl.cc(471)] ConnectionHandler failed with net error: -2
8월 05, 2023 10:29:32.108 [10692:5088:0805/102932.108:ERROR:connection_factory_impl.cc(471)] ConnectionHandler failed with net error: -2
8월 05, 2023 10:30:17.419 [10692:5088:0805/103017.419:ERROR:connection_factory_impl.cc(471)] ConnectionHandler failed with net error: -2
8월 05, 2023 10:31:02.742 [10692:5088:0805/103102.742:ERROR:connection_factory_impl.cc(471)] ConnectionHandler failed with net error: -2
8월 05, 2023 10:31:48.89 [10692:5088:0805/103148.089:ERROR:connection_factory_impl.cc(471)] ConnectionHandler failed with net error: -2
8월 05, 2023 10:32:38.392 [10692:5088:0805/103238.392:ERROR:connection_factory_impl.cc(471)] ConnectionHandler failed with net error: -2
8월 05, 2023 10:33:23.610 [10692:5088:0805/103323.610:ERROR:connection_factory_impl.cc(471)] ConnectionHandler failed with net error: -2
8월 05, 2023 10:34:08.969 [10692:5088:0805/103408.969:ERROR:connection_factory_impl.cc(471)] ConnectionHandler failed with net error: -2
8월 05, 2023 10:34:54.291 [10692:5088:0805/103454.291:ERROR:connection_factory_impl.cc(471)] ConnectionHandler failed with net error: -2
8월 05, 2023 10:35:39.523 [10692:5088:0805/103539.523:ERROR:connection_factory_impl.cc(471)] ConnectionHandler failed with net error: -2
8월 05, 2023 10:36:24.835 [10692:5088:0805/103624.835:ERROR:connection_factory_impl.cc(471)] ConnectionHandler failed with net error: -2
8월 05, 2023 10:37:10.155 [10692:5088:0805/103710.155:ERROR:connection_factory_impl.cc(471)] ConnectionHandler failed with net error: -2
8월 05, 2023 10:37:55.376 [10692:5088:0805/103755.376:ERROR:connection_factory_impl.cc(471)] ConnectionHandler failed with net error: -2
8월 05, 2023 10:38:40.612 [10692:5088:0805/103840.612:ERROR:connection_factory_impl.cc(471)] ConnectionHandler failed with net error: -2
8월 05, 2023 10:39:25.829 [10692:5088:0805/103925.829:ERROR:connection_factory_impl.cc(471)] ConnectionHandler failed with net error: -2
8월 05, 2023 10:40:11.156 [10692:5088:0805/104011.156:ERROR:connection_factory_impl.cc(471)] ConnectionHandler failed with net error: -2
8월 05, 2023 10:40:56.462 [10692:5088:0805/104056.462:ERROR:connection_factory_impl.cc(471)] ConnectionHandler failed with net error: -2
8월 05, 2023 10:41:41.677 [10692:5088:0805/104141.677:ERROR:connection_factory_impl.cc(471)] ConnectionHandler failed with net error: -2
8월 05, 2023 10:42:47.520 [10692:5088:0805/104247.519:ERROR:connection_factory_impl.cc(471)] ConnectionHandler failed with net error: -2
8월 05, 2023 10:43:32.744 [10692:5088:0805/104332.744:ERROR:connection_factory_impl.cc(471)] ConnectionHandler failed with net error: -2
8월 05, 2023 10:44:18.90 [10692:5088:0805/104418.090:ERROR:connection_factory_impl.cc(471)] ConnectionHandler failed with net error: -2
8월 05, 2023 10:45:03.401 [10692:5088:0805/104503.401:ERROR:connection_factory_impl.cc(471)] ConnectionHandler failed with net error: -2
8월 05, 2023 10:45:48.761 [10692:5088:0805/104548.761:ERROR:connection_factory_impl.cc(471)] ConnectionHandler failed with net error: -2
8월 05, 2023 10:46:34.854 [10692:5088:0805/104634.854:ERROR:connection_factory_impl.cc(471)] ConnectionHandler failed with net error: -2
8월 05, 2023 10:47:20.78 [10692:5088:0805/104720.078:ERROR:connection_factory_impl.cc(471)] ConnectionHandler failed with net error: -2
8월 05, 2023 10:48:05.294 [10692:5088:0805/104805.294:ERROR:connection_factory_impl.cc(471)] ConnectionHandler failed with net error: -2
8월 05, 2023 10:48:50.518 [10692:5088:0805/104850.518:ERROR:connection_factory_impl.cc(471)] ConnectionHandler failed with net error: -2
8월 05, 2023 10:49:45.933 [10692:5088:0805/104945.933:ERROR:connection_factory_impl.cc(471)] ConnectionHandler failed with net error: -2
8월 05, 2023 10:50:31.162 [10692:5088:0805/105031.162:ERROR:connection_factory_impl.cc(471)] ConnectionHandler failed with net error: -2
8월 05, 2023 10:51:16.383 [10692:5088:0805/105116.383:ERROR:connection_factory_impl.cc(471)] ConnectionHandler failed with net error: -2
8월 05, 2023 10:51:54.534 [2092:120:0805/105154.534:ERROR:feature_processor_state.cc(39)] Processing error occured: model WebAppInstallationPromo failed with UkmEngineDisabled, message: 
8월 05, 2023 10:52:39.729 [2092:13080:0805/105239.729:ERROR:connection_factory_impl.cc(471)] ConnectionHandler failed with net error: -2
8월 05, 2023 10:53:24.965 [2092:13080:0805/105324.965:ERROR:connection_factory_impl.cc(471)] ConnectionHandler failed with net error: -2
8월 05, 2023 10:54:55.247 [2092:13080:0805/105455.247:ERROR:connection_factory_impl.cc(471)] ConnectionHandler failed with net error: -2
8월 05, 2023 10:55:40.471 [2092:13080:0805/105540.471:ERROR:connection_factory_impl.cc(471)] ConnectionHandler failed with net error: -2
8월 05, 2023 11:30:39.933 [2092:13080:0805/113039.932:ERROR:connection_factory_impl.cc(471)] ConnectionHandler failed with net error: -2
8월 05, 2023 11:31:25.163 [2092:13080:0805/113125.163:ERROR:connection_factory_impl.cc(471)] ConnectionHandler failed with net error: -2
8월 05, 2023 11:32:10.397 [2092:13080:0805/113210.397:ERROR:connection_factory_impl.cc(471)] ConnectionHandler failed with net error: -2
8월 05, 2023 11:32:55.744 [2092:13080:0805/113255.744:ERROR:connection_factory_impl.cc(471)] ConnectionHandler failed with net error: -2
8월 05, 2023 11:33:40.970 [2092:13080:0805/113340.970:ERROR:connection_factory_impl.cc(471)] ConnectionHandler failed with net error: -2
8월 05, 2023 11:34:31.409 [2092:13080:0805/113431.409:ERROR:connection_factory_impl.cc(471)] ConnectionHandler failed with net error: -2
8월 05, 2023 11:35:16.627 [2092:13080:0805/113516.627:ERROR:connection_factory_impl.cc(471)] ConnectionHandler failed with net error: -2
8월 05, 2023 11:36:01.847 [2092:13080:0805/113601.847:ERROR:connection_factory_impl.cc(471)] ConnectionHandler failed with net error: -2
8월 05, 2023 11:36:47.181 [2092:13080:0805/113647.181:ERROR:connection_factory_impl.cc(471)] ConnectionHandler failed with net error: -2
8월 05, 2023 11:37:45.683 [2092:13080:0805/113745.671:ERROR:connection_factory_impl.cc(471)] ConnectionHandler failed with net error: -2
8월 05, 2023 11:38:31.66 [2092:13080:0805/113831.066:ERROR:connection_factory_impl.cc(471)] ConnectionHandler failed with net error: -2
8월 05, 2023 11:39:16.293 [2092:13080:0805/113916.293:ERROR:connection_factory_impl.cc(471)] ConnectionHandler failed with net error: -2
8월 05, 2023 11:40:01.618 [2092:13080:0805/114001.618:ERROR:connection_factory_impl.cc(471)] ConnectionHandler failed with net error: -2
8월 05, 2023 11:40:46.843 [2092:13080:0805/114046.843:ERROR:connection_factory_impl.cc(471)] ConnectionHandler failed with net error: -2
8월 05, 2023 11:41:32.197 [2092:13080:0805/114132.197:ERROR:connection_factory_impl.cc(471)] ConnectionHandler failed with net error: -2
8월 05, 2023 11:42:19.276 [2092:13080:0805/114219.276:ERROR:connection_factory_impl.cc(471)] ConnectionHandler failed with net error: -2
8월 05, 2023 11:43:04.506 [2092:13080:0805/114304.506:ERROR:connection_factory_impl.cc(471)] ConnectionHandler failed with net error: -2
8월 05, 2023 11:43:49.734 [2092:13080:0805/114349.734:ERROR:connection_factory_impl.cc(471)] ConnectionHandler failed with net error: -2
8월 05, 2023 11:44:34.965 [2092:13080:0805/114434.965:ERROR:connection_factory_impl.cc(471)] ConnectionHandler failed with net error: -2
8월 05, 2023 11:45:20.193 [2092:13080:0805/114520.193:ERROR:connection_factory_impl.cc(471)] ConnectionHandler failed with net error: -2
8월 05, 2023 11:46:05.406 [2092:13080:0805/114605.406:ERROR:connection_factory_impl.cc(471)] ConnectionHandler failed with net error: -2
8월 05, 2023 11:46:50.734 [2092:13080:0805/114650.734:ERROR:connection_factory_impl.cc(471)] ConnectionHandler failed with net error: -2
8월 05, 2023 11:47:35.961 [2092:13080:0805/114735.961:ERROR:connection_factory_impl.cc(471)] ConnectionHandler failed with net error: -2
8월 05, 2023 11:48:21.186 [2092:13080:0805/114821.186:ERROR:connection_factory_impl.cc(471)] ConnectionHandler failed with net error: -2
8월 05, 2023 11:49:06.408 [2092:13080:0805/114906.407:ERROR:connection_factory_impl.cc(471)] ConnectionHandler failed with net error: -2
8월 05, 2023 11:50:17.497 [2092:13080:0805/115017.497:ERROR:connection_factory_impl.cc(471)] ConnectionHandler failed with net error: -2
8월 05, 2023 11:51:02.721 [2092:13080:0805/115102.721:ERROR:connection_factory_impl.cc(471)] ConnectionHandler failed with net error: -2
8월 05, 2023 11:57:10.967 [8020:3108:0805/115710.967:ERROR:feature_processor_state.cc(39)] Processing error occured: model WebAppInstallationPromo failed with UkmEngineDisabled, message: 
8월 05, 2023 12:25:09.199 [9600:3300:0805/122509.199:ERROR:feature_processor_state.cc(39)] Processing error occured: model WebAppInstallationPromo failed with UkmEngineDisabled, message: 
8월 05, 2023 12:25:54.392 [9600:11220:0805/122554.392:ERROR:connection_factory_impl.cc(471)] ConnectionHandler failed with net error: -2
8월 05, 2023 12:26:39.620 [9600:11220:0805/122639.620:ERROR:connection_factory_impl.cc(471)] ConnectionHandler failed with net error: -2
8월 05, 2023 12:27:24.972 [9600:11220:0805/122724.972:ERROR:connection_factory_impl.cc(471)] ConnectionHandler failed with net error: -2
8월 05, 2023 12:28:10.226 [9600:11220:0805/122810.226:ERROR:connection_factory_impl.cc(471)] ConnectionHandler failed with net error: -2
8월 05, 2023 12:28:55.455 [9600:11220:0805/122855.455:ERROR:connection_factory_impl.cc(471)] ConnectionHandler failed with net error: -2
8월 05, 2023 12:29:40.683 [9600:11220:0805/122940.683:ERROR:connection_factory_impl.cc(471)] ConnectionHandler failed with net error: -2
8월 05, 2023 12:30:01.770 [10496:12984:0805/123001.770:ERROR:feature_processor_state.cc(39)] Processing error occured: model WebAppInstallationPromo failed with UkmEngineDisabled, message: 
8월 05, 2023 12:30:46.971 [10496:5828:0805/123046.971:ERROR:connection_factory_impl.cc(471)] ConnectionHandler failed with net error: -2
8월 05, 2023 12:31:32.195 [10496:5828:0805/123132.195:ERROR:connection_factory_impl.cc(471)] ConnectionHandler failed with net error: -2
8월 05, 2023 12:32:17.546 [10496:5828:0805/123217.546:ERROR:connection_factory_impl.cc(471)] ConnectionHandler failed with net error: -2
8월 05, 2023 12:33:02.770 [10496:5828:0805/123302.770:ERROR:connection_factory_impl.cc(471)] ConnectionHandler failed with net error: -2
8월 05, 2023 12:33:47.994 [10496:5828:0805/123347.994:ERROR:connection_factory_impl.cc(471)] ConnectionHandler failed with net error: -2
8월 05, 2023 12:34:33.220 [10496:5828:0805/123433.220:ERROR:connection_factory_impl.cc(471)] ConnectionHandler failed with net error: -2
8월 05, 2023 12:35:18.452 [10496:5828:0805/123518.452:ERROR:connection_factory_impl.cc(471)] ConnectionHandler failed with net error: -2
8월 05, 2023 12:36:03.774 [10496:5828:0805/123603.774:ERROR:connection_factory_impl.cc(471)] ConnectionHandler failed with net error: -2
8월 05, 2023 12:36:48.992 [10496:5828:0805/123648.992:ERROR:connection_factory_impl.cc(471)] ConnectionHandler failed with net error: -2
8월 05, 2023 12:37:34.219 [10496:5828:0805/123734.219:ERROR:connection_factory_impl.cc(471)] ConnectionHandler failed with net error: -2
8월 05, 2023 12:38:19.443 [10496:5828:0805/123819.443:ERROR:connection_factory_impl.cc(471)] ConnectionHandler failed with net error: -2
8월 05, 2023 12:39:04.760 [10496:5828:0805/123904.760:ERROR:connection_factory_impl.cc(471)] ConnectionHandler failed with net error: -2
8월 05, 2023 12:40:10.148 [10496:5828:0805/124010.148:ERROR:connection_factory_impl.cc(471)] ConnectionHandler failed with net error: -2
8월 05, 2023 12:40:55.479 [10496:5828:0805/124055.479:ERROR:connection_factory_impl.cc(471)] ConnectionHandler failed with net error: -2
8월 05, 2023 12:41:40.827 [10496:5828:0805/124140.827:ERROR:connection_factory_impl.cc(471)] ConnectionHandler failed with net error: -2
8월 05, 2023 12:42:33.192 [10496:5828:0805/124233.192:ERROR:connection_factory_impl.cc(471)] ConnectionHandler failed with net error: -2
8월 05, 2023 12:43:18.425 [10496:5828:0805/124318.425:ERROR:connection_factory_impl.cc(471)] ConnectionHandler failed with net error: -2
8월 05, 2023 12:44:03.644 [10496:5828:0805/124403.644:ERROR:connection_factory_impl.cc(471)] ConnectionHandler failed with net error: -2
8월 05, 2023 12:44:48.863 [10496:5828:0805/124448.863:ERROR:connection_factory_impl.cc(471)] ConnectionHandler failed with net error: -2
8월 05, 2023 12:45:34.82 [10496:5828:0805/124534.082:ERROR:connection_factory_impl.cc(471)] ConnectionHandler failed with net error: -2
8월 05, 2023 12:46:19.442 [10496:5828:0805/124619.442:ERROR:connection_factory_impl.cc(471)] ConnectionHandler failed with net error: -2

8월 06, 2023 11:31:42.873 NEW SESSION
8월 06, 2023 11:31:42.873 [8248:840:0806/113142.872:ERROR:feature_processor_state.cc(39)] Processing error occured: model WebAppInstallationPromo failed with UkmEngineDisabled, message: 
8월 06, 2023 11:48:21.302 [5372:8764:0806/114821.302:ERROR:feature_processor_state.cc(39)] Processing error occured: model WebAppInstallationPromo failed with UkmEngineDisabled, message: 
8월 06, 2023 11:49:26.487 [3512:10036:0806/114926.487:ERROR:feature_processor_state.cc(39)] Processing error occured: model WebAppInstallationPromo failed with UkmEngineDisabled, message: 
8월 06, 2023 11:52:58.393 [4872:9360:0806/115258.393:ERROR:feature_processor_state.cc(39)] Processing error occured: model WebAppInstallationPromo failed with UkmEngineDisabled, message: 
8월 06, 2023 12:10:28.313 [4872:9360:0806/121028.313:ERROR:page_load_metrics_update_dispatcher.cc(178)] Invalid first_paint 0.139 s for first_image_paint 0.123 s
8월 06, 2023 12:10:28.533 [4872:9360:0806/121028.532:ERROR:page_load_metrics_update_dispatcher.cc(178)] Invalid first_paint 0.139 s for first_image_paint 0.123 s
8월 06, 2023 12:10:28.662 [4872:9360:0806/121028.662:ERROR:page_load_metrics_update_dispatcher.cc(178)] Invalid first_paint 0.139 s for first_image_paint 0.123 s
8월 06, 2023 12:10:28.774 [4872:9360:0806/121028.774:ERROR:page_load_metrics_update_dispatcher.cc(178)] Invalid first_paint 0.139 s for first_image_paint 0.123 s
8월 06, 2023 12:10:28.880 [4872:9360:0806/121028.880:ERROR:page_load_metrics_update_dispatcher.cc(178)] Invalid first_paint 0.139 s for first_image_paint 0.123 s
8월 06, 2023 12:10:29.16 [4872:9360:0806/121029.016:ERROR:page_load_metrics_update_dispatcher.cc(178)] Invalid first_paint 0.139 s for first_image_paint 0.123 s
8월 06, 2023 12:10:29.483 [4872:9360:0806/121029.483:ERROR:page_load_metrics_update_dispatcher.cc(178)] Invalid first_paint 0.139 s for first_image_paint 0.123 s
8월 06, 2023 12:10:31.689 [4872:9360:0806/121031.689:ERROR:page_load_metrics_update_dispatcher.cc(178)] Invalid first_paint 0.139 s for first_image_paint 0.123 s
8월 06, 2023 12:10:31.850 [4872:9360:0806/121031.850:ERROR:page_load_metrics_update_dispatcher.cc(178)] Invalid first_paint 0.139 s for first_image_paint 0.123 s
8월 06, 2023 12:10:32.130 [4872:9360:0806/121032.129:ERROR:page_load_metrics_update_dispatcher.cc(178)] Invalid first_paint 0.139 s for first_image_paint 0.123 s
8월 06, 2023 12:10:32.181 [4872:9360:0806/121032.181:ERROR:page_load_metrics_update_dispatcher.cc(178)] Invalid first_paint 0.139 s for first_image_paint 0.123 s
8월 06, 2023 12:10:32.300 [4872:9360:0806/121032.300:ERROR:page_load_metrics_update_dispatcher.cc(178)] Invalid first_paint 0.139 s for first_image_paint 0.123 s
8월 06, 2023 12:10:33.143 [4872:9360:0806/121033.143:ERROR:page_load_metrics_update_dispatcher.cc(178)] Invalid first_paint 0.139 s for first_image_paint 0.123 s
8월 06, 2023 12:10:35.131 [4872:9360:0806/121035.130:ERROR:page_load_metrics_update_dispatcher.cc(178)] Invalid first_paint 0.139 s for first_image_paint 0.123 s
8월 06, 2023 12:10:36.122 [4872:9360:0806/121036.122:ERROR:page_load_metrics_update_dispatcher.cc(178)] Invalid first_paint 0.139 s for first_image_paint 0.123 s
8월 06, 2023 12:10:38.145 [4872:9360:0806/121038.145:ERROR:page_load_metrics_update_dispatcher.cc(178)] Invalid first_paint 0.139 s for first_image_paint 0.123 s
8월 06, 2023 12:10:49.138 [4872:9360:0806/121049.138:ERROR:page_load_metrics_update_dispatcher.cc(178)] Invalid first_paint 0.139 s for first_image_paint 0.123 s
8월 06, 2023 12:11:07.133 [4872:9360:0806/121107.132:ERROR:page_load_metrics_update_dispatcher.cc(178)] Invalid first_paint 0.139 s for first_image_paint 0.123 s
8월 06, 2023 12:11:10.121 [4872:9360:0806/121110.121:ERROR:page_load_metrics_update_dispatcher.cc(178)] Invalid first_paint 0.139 s for first_image_paint 0.123 s
8월 06, 2023 12:11:22.100 [4872:9360:0806/121122.100:ERROR:page_load_metrics_update_dispatcher.cc(178)] Invalid first_paint 0.139 s for first_image_paint 0.123 s
8월 06, 2023 12:11:22.605 [4872:9360:0806/121122.603:ERROR:page_load_metrics_update_dispatcher.cc(178)] Invalid first_paint 0.139 s for first_image_paint 0.123 s
8월 06, 2023 12:21:07.804 [4872:9360:0806/122107.804:ERROR:page_load_metrics_update_dispatcher.cc(178)] Invalid first_paint (unset) for first_image_paint 0.091 s
8월 06, 2023 12:21:07.826 [4872:9360:0806/122107.826:ERROR:page_load_metrics_update_dispatcher.cc(178)] Invalid first_paint 0.104 s for first_image_paint 0.091 s
8월 06, 2023 12:21:07.954 [4872:9360:0806/122107.954:ERROR:page_load_metrics_update_dispatcher.cc(178)] Invalid first_paint 0.104 s for first_image_paint 0.091 s
8월 06, 2023 12:21:08.71 [4872:9360:0806/122108.071:ERROR:page_load_metrics_update_dispatcher.cc(178)] Invalid first_paint 0.104 s for first_image_paint 0.091 s
8월 06, 2023 12:21:08.119 [4872:9360:0806/122108.119:ERROR:page_load_metrics_update_dispatcher.cc(66)] Received null navigation_start.
8월 06, 2023 12:21:08.174 [4872:9360:0806/122108.174:ERROR:page_load_metrics_update_dispatcher.cc(178)] Invalid first_paint 0.104 s for first_image_paint 0.091 s
8월 06, 2023 12:21:08.314 [4872:9360:0806/122108.314:ERROR:page_load_metrics_update_dispatcher.cc(178)] Invalid first_paint 0.104 s for first_image_paint 0.091 s
8월 06, 2023 12:21:08.429 [4872:9360:0806/122108.429:ERROR:page_load_metrics_update_dispatcher.cc(178)] Invalid first_paint 0.104 s for first_image_paint 0.091 s
8월 06, 2023 12:21:08.962 [4872:9360:0806/122108.962:ERROR:page_load_metrics_update_dispatcher.cc(178)] Invalid first_paint 0.104 s for first_image_paint 0.091 s
8월 06, 2023 12:21:31.46 [9384:8232:0806/122131.046:ERROR:feature_processor_state.cc(39)] Processing error occured: model WebAppInstallationPromo failed with UkmEngineDisabled, message: 
8월 06, 2023 12:24:24.640 [10356:7788:0806/122424.640:ERROR:feature_processor_state.cc(39)] Processing error occured: model WebAppInstallationPromo failed with UkmEngineDisabled, message: 
8월 06, 2023 12:28:25.154 [3580:2116:0806/122825.154:ERROR:feature_processor_state.cc(39)] Processing error occured: model WebAppInstallationPromo failed with UkmEngineDisabled, message: 
